
##########################################
2024-06-02 14:06:33
登录态失效，请重新登录
登录态失效，请重新登录
登录态失效，请重新登录
登录态失效，请重新登录
##########################################
2024-06-02 14:35:55
今天已经签到过了
>正在清理点赞: 1103857464
>清赞成功
>正在清理点赞: 1103857256
>清赞成功
>正在清理点赞: 1103857310
>清赞成功
>正在清理点赞: 212577083
>清赞成功
>正在清理点赞: 212606776
>清赞成功
>正在清理点赞: 212316857
>清赞成功
>正在清理点赞: 212284454
>清赞成功
>正在清理点赞: 212535600
>清赞成功
>正在清理点赞: 212535558
>清赞成功
>正在清理点赞: 212510952
>清赞成功
正在完成任务: 28-本日为资讯点赞3次
>任务成功: 28-本日为资讯点赞3次
正在完成任务: 29-本日为动态点赞3次
>任务成功: 29-本日为动态点赞3次
正在完成任务: 30-本日浏览资讯5分钟
>任务成功: 30-本日浏览资讯5分钟
正在完成任务: 31-本日观看直播5分钟
>任务成功: 31-本日观看直播5分钟
正在完成任务: 34-本日分享资讯到社交网络
>任务成功: 34-本日分享资讯到社交网络
正在完成任务: 36-观看PEL赛事直播5分钟
>任务成功: 36-观看PEL赛事直播5分钟
正在领取礼包: 1-福利币*100
>已领取礼包: 1-福利币*100
正在领取礼包: 2-营地装饰碎片*50
>已领取礼包: 2-营地装饰碎片*50
正在领取礼包: 3-福利币*200
>已领取礼包: 3-福利币*200
